\BOOKMARK [1][-]{section*.5}{Introduction}{}
\BOOKMARK [1][-]{section*.6}{Background}{}
\BOOKMARK [1][-]{section*.7}{Pre-study 1 - Understanding Heterogeneity for Everyday Tasks}{}
\BOOKMARK [2][-]{section*.8}{Method}{section*.7}
\BOOKMARK [2][-]{section*.9}{Results and Discussion}{section*.7}
\BOOKMARK [3][-]{section*.10}{Question 1: Tasks}{section*.9}
\BOOKMARK [3][-]{section*.11}{Question 2: Large Social Event}{section*.9}
\BOOKMARK [2][-]{section*.12}{Prestudy 1 Summary of Findings}{section*.7}
\BOOKMARK [1][-]{section*.13}{Prestudy 2 : Technical Challenges of Integrating the Data}{}
\BOOKMARK [2][-]{section*.14}{Method}{section*.13}
\BOOKMARK [2][-]{section*.15}{Results}{section*.13}
\BOOKMARK [2][-]{section*.16}{Analysis}{section*.13}
\BOOKMARK [2][-]{section*.17}{Prestudy 2 Summary of Findings}{section*.13}
\BOOKMARK [1][-]{section*.18}{WebBox Interface - Design of the DataPalette}{}
\BOOKMARK [1][-]{section*.19}{Methodology}{}
\BOOKMARK [1][-]{section*.20}{Results}{}
\BOOKMARK [1][-]{section*.21}{Discussion}{}
\BOOKMARK [1][-]{section*.22}{Conclusion}{}
\BOOKMARK [1][-]{section*.23}{Acknowledgments}{}
\BOOKMARK [1][-]{section*.24}{REFERENCES }{}
